<?xml version="1.0" encoding="UTF-8"?>
<!-- Generated by org.testng.reporters.JUnitReportReporter -->
<testsuite hostname="INBook_X1" failures="0" tests="1" name="testframe.LoginTest" time="3.734" errors="0" timestamp="2023-02-13T11:26:41 IST" skipped="0">
  <testcase classname="testframe.LoginTest" name="login" time="3.734"/>
  <system-out/>
</testsuite> <!-- testframe.LoginTest -->
